<?xml version="1.0" encoding="UTF-8"?>
<!-- Generated by org.testng.reporters.JUnitXMLReporter -->
<testsuite hostname="DESKTOP-9IQBETH" ignored="0" name="Login_Test 001" tests="5" failures="0" timestamp="28 Jun 2020 20:47:23 GMT" time="64.118" errors="0">
  <testcase name="loginTest001" time="7.247" classname="com.weathertech.loginpagetests.LOGIN"/>
  <testcase name="loginTest002" time="5.34" classname="com.weathertech.loginpagetests.LOGIN"/>
  <testcase name="loginTest003" time="5.58" classname="com.weathertech.loginpagetests.LOGIN"/>
  <testcase name="loginTest004" time="6.33" classname="com.weathertech.loginpagetests.LOGIN"/>
  <testcase name="loginTest005" time="5.763" classname="com.weathertech.loginpagetests.LOGIN"/>
</testsuite> <!-- Login_Test 001 -->
