<?xml version="1.0" encoding="UTF-8"?>
<!-- Generated by org.testng.reporters.JUnitXMLReporter -->
<testsuite hostname="DESKTOP-9IQBETH" ignored="2" name="Login" tests="2" failures="1" timestamp="28 Jun 2020 19:42:20 GMT" time="18.823" errors="0">
  <testcase name="@AfterMethod tearDown" time="0.001" classname="com.weathertech.base.BaseTest">
    <failure type="java.lang.NullPointerException">
      <![CDATA[java.lang.NullPointerException
at com.weathertech.base.BaseTest.tearDown(BaseTest.java:92)
... Removed 28 stack frames]]>
    </failure>
  </testcase> <!-- @AfterMethod tearDown -->
  <testcase name="loginTest002" time="4.567" classname="com.weathertech.loginpagetests.TC_LOG_002"/>
  <testcase name="loginTest001" time="0.002" classname="com.weathertech.loginpagetests.TC_LOG_001">
    <failure type="java.lang.NullPointerException">
      <![CDATA[java.lang.NullPointerException
at com.weathertech.loginpagetests.TC_LOG_001.loginTest001(TC_LOG_001.java:20)
... Removed 25 stack frames]]>
    </failure>
  </testcase> <!-- loginTest001 -->
  <testcase name="@BeforeTest setExtend" time="0.0" classname="com.weathertech.base.BaseTest">
    <ignored/>
  </testcase> <!-- @BeforeTest setExtend -->
  <testcase name="@AfterTest endReport" time="0.0" classname="com.weathertech.base.BaseTest">
    <ignored/>
  </testcase> <!-- @AfterTest endReport -->
</testsuite> <!-- Login -->
