<?xml version="1.0" encoding="UTF-8"?>
<!-- Generated by org.testng.reporters.JUnitXMLReporter -->
<testsuite hostname="DESKTOP-9IQBETH" ignored="0" name="Login_Test 002" tests="1" failures="1" timestamp="28 Jun 2020 20:28:43 GMT" time="5.645" errors="0">
  <testcase name="@AfterMethod tearDown" time="0.001" classname="com.weathertech.base.BaseTest">
    <failure type="java.lang.NullPointerException">
      <![CDATA[java.lang.NullPointerException
at com.weathertech.base.BaseTest.tearDown(BaseTest.java:94)
... Removed 28 stack frames]]>
    </failure>
  </testcase> <!-- @AfterMethod tearDown -->
  <testcase name="loginTest002" time="0.001" classname="com.weathertech.loginpagetests.TC_LOG_002">
    <failure type="java.lang.NullPointerException">
      <![CDATA[java.lang.NullPointerException
at com.weathertech.loginpagetests.TC_LOG_002.loginTest002(TC_LOG_002.java:16)
... Removed 25 stack frames]]>
    </failure>
  </testcase> <!-- loginTest002 -->
</testsuite> <!-- Login_Test 002 -->
