<?xml version="1.0" encoding="UTF-8"?>
<!-- Generated by org.testng.reporters.JUnitXMLReporter -->
<testsuite hostname="DESKTOP-9IQBETH" ignored="0" name="11 Tests" tests="11" failures="0" timestamp="29 Jun 2020 18:10:21 GMT" time="123.515" errors="0">
  <testcase name="loginTest001" time="4.943" classname="com.weathertech.alltests.TESTS"/>
  <testcase name="loginTest002" time="4.357" classname="com.weathertech.alltests.TESTS"/>
  <testcase name="loginTest003" time="3.919" classname="com.weathertech.alltests.TESTS"/>
  <testcase name="loginTest004" time="4.691" classname="com.weathertech.alltests.TESTS"/>
  <testcase name="regTest001" time="7.986" classname="com.weathertech.alltests.TESTS"/>
  <testcase name="regTest002" time="6.36" classname="com.weathertech.alltests.TESTS"/>
  <testcase name="regTest003" time="6.15" classname="com.weathertech.alltests.TESTS"/>
  <testcase name="socMedLinksTest001" time="5.805" classname="com.weathertech.alltests.TESTS"/>
  <testcase name="socMedLinksTest002" time="4.287" classname="com.weathertech.alltests.TESTS"/>
  <testcase name="socMedLinksTest003" time="4.284" classname="com.weathertech.alltests.TESTS"/>
  <testcase name="socMedLinksTest004" time="3.96" classname="com.weathertech.alltests.TESTS"/>
</testsuite> <!-- 11 Tests -->
