<?xml version="1.0" encoding="UTF-8"?>
<testng-results skipped="0" failed="0" ignored="0" total="8" passed="8">
  <reporter-output>
  </reporter-output>
  <suite name="loginparameterssuite" duration-ms="36256" started-at="2020-06-30T16:48:57Z" finished-at="2020-06-30T16:49:33Z">
    <groups>
    </groups>
    <test name="LoginTest1-CH" duration-ms="18609" started-at="2020-06-30T16:48:57Z" finished-at="2020-06-30T16:49:15Z">
      <class name="com.weathertech.loginpagetests.loginparameters">
        <test-method status="PASS" signature="setExtend()[pri:0, instance:com.weathertech.loginpagetests.loginparameters@4f7d0008]" name="setExtend" is-config="true" duration-ms="268" started-at="2020-06-30T16:48:57Z" finished-at="2020-06-30T16:48:57Z">
          <reporter-output>
          </reporter-output>
        </test-method> <!-- setExtend -->
        <test-method status="PASS" signature="setUp(java.lang.String, org.testng.ITestContext)[pri:0, instance:com.weathertech.loginpagetests.loginparameters@4f7d0008]" name="setUp" is-config="true" duration-ms="6567" started-at="2020-06-30T16:48:57Z" finished-at="2020-06-30T16:49:03Z">
          <params>
            <param index="0">
              <value>
                <![CDATA[chrome]]>
              </value>
            </param>
            <param index="1">
              <value>
                <![CDATA[org.testng.TestRunner@2d6eabae]]>
              </value>
            </param>
          </params>
          <reporter-output>
          </reporter-output>
        </test-method> <!-- setUp -->
        <test-method status="PASS" signature="loginP(java.lang.String, java.lang.String)[pri:0, instance:com.weathertech.loginpagetests.loginparameters@4f7d0008]" name="loginP" duration-ms="10619" started-at="2020-06-30T16:49:03Z" finished-at="2020-06-30T16:49:14Z">
          <params>
            <param index="0">
              <value>
                <![CDATA[Bobtest1@abc6.com]]>
              </value>
            </param>
            <param index="1">
              <value>
                <![CDATA[Testweathertech123]]>
              </value>
            </param>
          </params>
          <reporter-output>
          </reporter-output>
        </test-method> <!-- loginP -->
        <test-method status="PASS" signature="tearDown(org.testng.ITestResult)[pri:0, instance:com.weathertech.loginpagetests.loginparameters@4f7d0008]" name="tearDown" is-config="true" duration-ms="784" started-at="2020-06-30T16:49:14Z" finished-at="2020-06-30T16:49:15Z">
          <params>
            <param index="0">
              <value>
                <![CDATA[[TestResult name=loginP status=SUCCESS method=loginparameters.loginP(java.lang.String, java.lang.String)[pri:0, instance:com.weathertech.loginpagetests.loginparameters@4f7d0008] output={null}]]]>
              </value>
            </param>
          </params>
          <reporter-output>
          </reporter-output>
        </test-method> <!-- tearDown -->
        <test-method status="PASS" signature="endReport()[pri:0, instance:com.weathertech.loginpagetests.loginparameters@4f7d0008]" name="endReport" is-config="true" duration-ms="346" started-at="2020-06-30T16:49:15Z" finished-at="2020-06-30T16:49:15Z">
          <reporter-output>
          </reporter-output>
        </test-method> <!-- endReport -->
      </class> <!-- com.weathertech.loginpagetests.loginparameters -->
    </test> <!-- LoginTest1-CH -->
    <test name="LoginTest2-CH" duration-ms="18612" started-at="2020-06-30T16:48:57Z" finished-at="2020-06-30T16:49:15Z">
      <class name="com.weathertech.loginpagetests.loginparameters">
        <test-method status="PASS" signature="setExtend()[pri:0, instance:com.weathertech.loginpagetests.loginparameters@192b07fd]" name="setExtend" is-config="true" duration-ms="265" started-at="2020-06-30T16:48:57Z" finished-at="2020-06-30T16:48:57Z">
          <reporter-output>
          </reporter-output>
        </test-method> <!-- setExtend -->
        <test-method status="PASS" signature="setUp(java.lang.String, org.testng.ITestContext)[pri:0, instance:com.weathertech.loginpagetests.loginparameters@192b07fd]" name="setUp" is-config="true" duration-ms="6643" started-at="2020-06-30T16:48:57Z" finished-at="2020-06-30T16:49:03Z">
          <params>
            <param index="0">
              <value>
                <![CDATA[chrome]]>
              </value>
            </param>
            <param index="1">
              <value>
                <![CDATA[org.testng.TestRunner@6895a785]]>
              </value>
            </param>
          </params>
          <reporter-output>
          </reporter-output>
        </test-method> <!-- setUp -->
        <test-method status="PASS" signature="loginP(java.lang.String, java.lang.String)[pri:0, instance:com.weathertech.loginpagetests.loginparameters@192b07fd]" name="loginP" duration-ms="10332" started-at="2020-06-30T16:49:03Z" finished-at="2020-06-30T16:49:14Z">
          <params>
            <param index="0">
              <value>
                <![CDATA[Billtest2@abc6.com]]>
              </value>
            </param>
            <param index="1">
              <value>
                <![CDATA[Testweathertech123]]>
              </value>
            </param>
          </params>
          <reporter-output>
          </reporter-output>
        </test-method> <!-- loginP -->
        <test-method status="PASS" signature="tearDown(org.testng.ITestResult)[pri:0, instance:com.weathertech.loginpagetests.loginparameters@192b07fd]" name="tearDown" is-config="true" duration-ms="734" started-at="2020-06-30T16:49:14Z" finished-at="2020-06-30T16:49:15Z">
          <params>
            <param index="0">
              <value>
                <![CDATA[[TestResult name=loginP status=SUCCESS method=loginparameters.loginP(java.lang.String, java.lang.String)[pri:0, instance:com.weathertech.loginpagetests.loginparameters@192b07fd] output={null}]]]>
              </value>
            </param>
          </params>
          <reporter-output>
          </reporter-output>
        </test-method> <!-- tearDown -->
        <test-method status="PASS" signature="endReport()[pri:0, instance:com.weathertech.loginpagetests.loginparameters@192b07fd]" name="endReport" is-config="true" duration-ms="607" started-at="2020-06-30T16:49:15Z" finished-at="2020-06-30T16:49:15Z">
          <reporter-output>
          </reporter-output>
        </test-method> <!-- endReport -->
      </class> <!-- com.weathertech.loginpagetests.loginparameters -->
    </test> <!-- LoginTest2-CH -->
    <test name="LoginTest3-CH" duration-ms="19439" started-at="2020-06-30T16:48:57Z" finished-at="2020-06-30T16:49:16Z">
      <class name="com.weathertech.loginpagetests.loginparameters">
        <test-method status="PASS" signature="setExtend()[pri:0, instance:com.weathertech.loginpagetests.loginparameters@31dc339b]" name="setExtend" is-config="true" duration-ms="267" started-at="2020-06-30T16:48:57Z" finished-at="2020-06-30T16:48:57Z">
          <reporter-output>
          </reporter-output>
        </test-method> <!-- setExtend -->
        <test-method status="PASS" signature="setUp(java.lang.String, org.testng.ITestContext)[pri:0, instance:com.weathertech.loginpagetests.loginparameters@31dc339b]" name="setUp" is-config="true" duration-ms="6608" started-at="2020-06-30T16:48:57Z" finished-at="2020-06-30T16:49:03Z">
          <params>
            <param index="0">
              <value>
                <![CDATA[chrome]]>
              </value>
            </param>
            <param index="1">
              <value>
                <![CDATA[org.testng.TestRunner@64729b1e]]>
              </value>
            </param>
          </params>
          <reporter-output>
          </reporter-output>
        </test-method> <!-- setUp -->
        <test-method status="PASS" signature="loginP(java.lang.String, java.lang.String)[pri:0, instance:com.weathertech.loginpagetests.loginparameters@31dc339b]" name="loginP" duration-ms="11499" started-at="2020-06-30T16:49:03Z" finished-at="2020-06-30T16:49:15Z">
          <params>
            <param index="0">
              <value>
                <![CDATA[Johntest3@abc6.com]]>
              </value>
            </param>
            <param index="1">
              <value>
                <![CDATA[Testweathertech123]]>
              </value>
            </param>
          </params>
          <reporter-output>
          </reporter-output>
        </test-method> <!-- loginP -->
        <test-method status="PASS" signature="tearDown(org.testng.ITestResult)[pri:0, instance:com.weathertech.loginpagetests.loginparameters@31dc339b]" name="tearDown" is-config="true" duration-ms="850" started-at="2020-06-30T16:49:15Z" finished-at="2020-06-30T16:49:16Z">
          <params>
            <param index="0">
              <value>
                <![CDATA[[TestResult name=loginP status=SUCCESS method=loginparameters.loginP(java.lang.String, java.lang.String)[pri:0, instance:com.weathertech.loginpagetests.loginparameters@31dc339b] output={null}]]]>
              </value>
            </param>
          </params>
          <reporter-output>
          </reporter-output>
        </test-method> <!-- tearDown -->
        <test-method status="PASS" signature="endReport()[pri:0, instance:com.weathertech.loginpagetests.loginparameters@31dc339b]" name="endReport" is-config="true" duration-ms="190" started-at="2020-06-30T16:49:16Z" finished-at="2020-06-30T16:49:16Z">
          <reporter-output>
          </reporter-output>
        </test-method> <!-- endReport -->
      </class> <!-- com.weathertech.loginpagetests.loginparameters -->
    </test> <!-- LoginTest3-CH -->
    <test name="LoginTest1-FF" duration-ms="28313" started-at="2020-06-30T16:48:57Z" finished-at="2020-06-30T16:49:25Z">
      <class name="com.weathertech.loginpagetests.loginparameters">
        <test-method status="PASS" signature="setExtend()[pri:0, instance:com.weathertech.loginpagetests.loginparameters@29ca901e]" name="setExtend" is-config="true" duration-ms="266" started-at="2020-06-30T16:48:57Z" finished-at="2020-06-30T16:48:57Z">
          <reporter-output>
          </reporter-output>
        </test-method> <!-- setExtend -->
        <test-method status="PASS" signature="setUp(java.lang.String, org.testng.ITestContext)[pri:0, instance:com.weathertech.loginpagetests.loginparameters@29ca901e]" name="setUp" is-config="true" duration-ms="6116" started-at="2020-06-30T16:48:57Z" finished-at="2020-06-30T16:49:03Z">
          <params>
            <param index="0">
              <value>
                <![CDATA[firefox]]>
              </value>
            </param>
            <param index="1">
              <value>
                <![CDATA[org.testng.TestRunner@48503868]]>
              </value>
            </param>
          </params>
          <reporter-output>
          </reporter-output>
        </test-method> <!-- setUp -->
        <test-method status="PASS" signature="loginP(java.lang.String, java.lang.String)[pri:0, instance:com.weathertech.loginpagetests.loginparameters@29ca901e]" name="loginP" duration-ms="19051" started-at="2020-06-30T16:49:03Z" finished-at="2020-06-30T16:49:22Z">
          <params>
            <param index="0">
              <value>
                <![CDATA[Bobtest1@abc6.com]]>
              </value>
            </param>
            <param index="1">
              <value>
                <![CDATA[Testweathertech123]]>
              </value>
            </param>
          </params>
          <reporter-output>
          </reporter-output>
        </test-method> <!-- loginP -->
        <test-method status="PASS" signature="tearDown(org.testng.ITestResult)[pri:0, instance:com.weathertech.loginpagetests.loginparameters@29ca901e]" name="tearDown" is-config="true" duration-ms="2737" started-at="2020-06-30T16:49:22Z" finished-at="2020-06-30T16:49:25Z">
          <params>
            <param index="0">
              <value>
                <![CDATA[[TestResult name=loginP status=SUCCESS method=loginparameters.loginP(java.lang.String, java.lang.String)[pri:0, instance:com.weathertech.loginpagetests.loginparameters@29ca901e] output={null}]]]>
              </value>
            </param>
          </params>
          <reporter-output>
          </reporter-output>
        </test-method> <!-- tearDown -->
        <test-method status="PASS" signature="endReport()[pri:0, instance:com.weathertech.loginpagetests.loginparameters@29ca901e]" name="endReport" is-config="true" duration-ms="116" started-at="2020-06-30T16:49:25Z" finished-at="2020-06-30T16:49:25Z">
          <reporter-output>
          </reporter-output>
        </test-method> <!-- endReport -->
      </class> <!-- com.weathertech.loginpagetests.loginparameters -->
    </test> <!-- LoginTest1-FF -->
    <test name="LoginTest3-FF" duration-ms="28962" started-at="2020-06-30T16:48:57Z" finished-at="2020-06-30T16:49:26Z">
      <class name="com.weathertech.loginpagetests.loginparameters">
        <test-method status="PASS" signature="setExtend()[pri:0, instance:com.weathertech.loginpagetests.loginparameters@4e1d422d]" name="setExtend" is-config="true" duration-ms="268" started-at="2020-06-30T16:48:57Z" finished-at="2020-06-30T16:48:57Z">
          <reporter-output>
          </reporter-output>
        </test-method> <!-- setExtend -->
        <test-method status="PASS" signature="setUp(java.lang.String, org.testng.ITestContext)[pri:0, instance:com.weathertech.loginpagetests.loginparameters@4e1d422d]" name="setUp" is-config="true" duration-ms="6083" started-at="2020-06-30T16:48:57Z" finished-at="2020-06-30T16:49:03Z">
          <params>
            <param index="0">
              <value>
                <![CDATA[firefox]]>
              </value>
            </param>
            <param index="1">
              <value>
                <![CDATA[org.testng.TestRunner@4e7dc304]]>
              </value>
            </param>
          </params>
          <reporter-output>
          </reporter-output>
        </test-method> <!-- setUp -->
        <test-method status="PASS" signature="loginP(java.lang.String, java.lang.String)[pri:0, instance:com.weathertech.loginpagetests.loginparameters@4e1d422d]" name="loginP" duration-ms="19548" started-at="2020-06-30T16:49:03Z" finished-at="2020-06-30T16:49:22Z">
          <params>
            <param index="0">
              <value>
                <![CDATA[Johntest3@abc6.com]]>
              </value>
            </param>
            <param index="1">
              <value>
                <![CDATA[Testweathertech123]]>
              </value>
            </param>
          </params>
          <reporter-output>
          </reporter-output>
        </test-method> <!-- loginP -->
        <test-method status="PASS" signature="tearDown(org.testng.ITestResult)[pri:0, instance:com.weathertech.loginpagetests.loginparameters@4e1d422d]" name="tearDown" is-config="true" duration-ms="2945" started-at="2020-06-30T16:49:22Z" finished-at="2020-06-30T16:49:25Z">
          <params>
            <param index="0">
              <value>
                <![CDATA[[TestResult name=loginP status=SUCCESS method=loginparameters.loginP(java.lang.String, java.lang.String)[pri:0, instance:com.weathertech.loginpagetests.loginparameters@4e1d422d] output={null}]]]>
              </value>
            </param>
          </params>
          <reporter-output>
          </reporter-output>
        </test-method> <!-- tearDown -->
        <test-method status="PASS" signature="endReport()[pri:0, instance:com.weathertech.loginpagetests.loginparameters@4e1d422d]" name="endReport" is-config="true" duration-ms="92" started-at="2020-06-30T16:49:25Z" finished-at="2020-06-30T16:49:26Z">
          <reporter-output>
          </reporter-output>
        </test-method> <!-- endReport -->
      </class> <!-- com.weathertech.loginpagetests.loginparameters -->
    </test> <!-- LoginTest3-FF -->
    <test name="LoginTest2-FF" duration-ms="29937" started-at="2020-06-30T16:48:57Z" finished-at="2020-06-30T16:49:26Z">
      <class name="com.weathertech.loginpagetests.loginparameters">
        <test-method status="PASS" signature="setExtend()[pri:0, instance:com.weathertech.loginpagetests.loginparameters@6e1ec318]" name="setExtend" is-config="true" duration-ms="266" started-at="2020-06-30T16:48:57Z" finished-at="2020-06-30T16:48:57Z">
          <reporter-output>
          </reporter-output>
        </test-method> <!-- setExtend -->
        <test-method status="PASS" signature="setUp(java.lang.String, org.testng.ITestContext)[pri:0, instance:com.weathertech.loginpagetests.loginparameters@6e1ec318]" name="setUp" is-config="true" duration-ms="6116" started-at="2020-06-30T16:48:57Z" finished-at="2020-06-30T16:49:03Z">
          <params>
            <param index="0">
              <value>
                <![CDATA[firefox]]>
              </value>
            </param>
            <param index="1">
              <value>
                <![CDATA[org.testng.TestRunner@10bbd20a]]>
              </value>
            </param>
          </params>
          <reporter-output>
          </reporter-output>
        </test-method> <!-- setUp -->
        <test-method status="PASS" signature="loginP(java.lang.String, java.lang.String)[pri:0, instance:com.weathertech.loginpagetests.loginparameters@6e1ec318]" name="loginP" duration-ms="21241" started-at="2020-06-30T16:49:03Z" finished-at="2020-06-30T16:49:24Z">
          <params>
            <param index="0">
              <value>
                <![CDATA[Billtest2@abc6.com]]>
              </value>
            </param>
            <param index="1">
              <value>
                <![CDATA[Testweathertech123]]>
              </value>
            </param>
          </params>
          <reporter-output>
          </reporter-output>
        </test-method> <!-- loginP -->
        <test-method status="PASS" signature="tearDown(org.testng.ITestResult)[pri:0, instance:com.weathertech.loginpagetests.loginparameters@6e1ec318]" name="tearDown" is-config="true" duration-ms="2125" started-at="2020-06-30T16:49:24Z" finished-at="2020-06-30T16:49:26Z">
          <params>
            <param index="0">
              <value>
                <![CDATA[[TestResult name=loginP status=SUCCESS method=loginparameters.loginP(java.lang.String, java.lang.String)[pri:0, instance:com.weathertech.loginpagetests.loginparameters@6e1ec318] output={null}]]]>
              </value>
            </param>
          </params>
          <reporter-output>
          </reporter-output>
        </test-method> <!-- tearDown -->
        <test-method status="PASS" signature="endReport()[pri:0, instance:com.weathertech.loginpagetests.loginparameters@6e1ec318]" name="endReport" is-config="true" duration-ms="162" started-at="2020-06-30T16:49:26Z" finished-at="2020-06-30T16:49:26Z">
          <reporter-output>
          </reporter-output>
        </test-method> <!-- endReport -->
      </class> <!-- com.weathertech.loginpagetests.loginparameters -->
    </test> <!-- LoginTest2-FF -->
    <test name="LoginTest4-CH" duration-ms="14599" started-at="2020-06-30T16:49:15Z" finished-at="2020-06-30T16:49:30Z">
      <class name="com.weathertech.loginpagetests.loginparameters">
        <test-method status="PASS" signature="setExtend()[pri:0, instance:com.weathertech.loginpagetests.loginparameters@5383967b]" name="setExtend" is-config="true" duration-ms="3" started-at="2020-06-30T16:49:15Z" finished-at="2020-06-30T16:49:15Z">
          <reporter-output>
          </reporter-output>
        </test-method> <!-- setExtend -->
        <test-method status="PASS" signature="setUp(java.lang.String, org.testng.ITestContext)[pri:0, instance:com.weathertech.loginpagetests.loginparameters@5383967b]" name="setUp" is-config="true" duration-ms="5527" started-at="2020-06-30T16:49:15Z" finished-at="2020-06-30T16:49:21Z">
          <params>
            <param index="0">
              <value>
                <![CDATA[chrome]]>
              </value>
            </param>
            <param index="1">
              <value>
                <![CDATA[org.testng.TestRunner@56aac163]]>
              </value>
            </param>
          </params>
          <reporter-output>
          </reporter-output>
        </test-method> <!-- setUp -->
        <test-method status="PASS" signature="loginP(java.lang.String, java.lang.String)[pri:0, instance:com.weathertech.loginpagetests.loginparameters@5383967b]" name="loginP" duration-ms="7740" started-at="2020-06-30T16:49:21Z" finished-at="2020-06-30T16:49:28Z">
          <params>
            <param index="0">
              <value>
                <![CDATA[Roytest4@abc6.com]]>
              </value>
            </param>
            <param index="1">
              <value>
                <![CDATA[Testweathertech123]]>
              </value>
            </param>
          </params>
          <reporter-output>
          </reporter-output>
        </test-method> <!-- loginP -->
        <test-method status="PASS" signature="tearDown(org.testng.ITestResult)[pri:0, instance:com.weathertech.loginpagetests.loginparameters@5383967b]" name="tearDown" is-config="true" duration-ms="1251" started-at="2020-06-30T16:49:28Z" finished-at="2020-06-30T16:49:30Z">
          <params>
            <param index="0">
              <value>
                <![CDATA[[TestResult name=loginP status=SUCCESS method=loginparameters.loginP(java.lang.String, java.lang.String)[pri:0, instance:com.weathertech.loginpagetests.loginparameters@5383967b] output={null}]]]>
              </value>
            </param>
          </params>
          <reporter-output>
          </reporter-output>
        </test-method> <!-- tearDown -->
        <test-method status="PASS" signature="endReport()[pri:0, instance:com.weathertech.loginpagetests.loginparameters@5383967b]" name="endReport" is-config="true" duration-ms="74" started-at="2020-06-30T16:49:30Z" finished-at="2020-06-30T16:49:30Z">
          <reporter-output>
          </reporter-output>
        </test-method> <!-- endReport -->
      </class> <!-- com.weathertech.loginpagetests.loginparameters -->
    </test> <!-- LoginTest4-CH -->
    <test name="LoginTest4-FF" duration-ms="17614" started-at="2020-06-30T16:49:15Z" finished-at="2020-06-30T16:49:33Z">
      <class name="com.weathertech.loginpagetests.loginparameters">
        <test-method status="PASS" signature="setExtend()[pri:0, instance:com.weathertech.loginpagetests.loginparameters@5abca1e0]" name="setExtend" is-config="true" duration-ms="3" started-at="2020-06-30T16:49:15Z" finished-at="2020-06-30T16:49:15Z">
          <reporter-output>
          </reporter-output>
        </test-method> <!-- setExtend -->
        <test-method status="PASS" signature="setUp(java.lang.String, org.testng.ITestContext)[pri:0, instance:com.weathertech.loginpagetests.loginparameters@5abca1e0]" name="setUp" is-config="true" duration-ms="5244" started-at="2020-06-30T16:49:15Z" finished-at="2020-06-30T16:49:20Z">
          <params>
            <param index="0">
              <value>
                <![CDATA[firefox]]>
              </value>
            </param>
            <param index="1">
              <value>
                <![CDATA[org.testng.TestRunner@184f6be2]]>
              </value>
            </param>
          </params>
          <reporter-output>
          </reporter-output>
        </test-method> <!-- setUp -->
        <test-method status="PASS" signature="loginP(java.lang.String, java.lang.String)[pri:0, instance:com.weathertech.loginpagetests.loginparameters@5abca1e0]" name="loginP" duration-ms="9699" started-at="2020-06-30T16:49:20Z" finished-at="2020-06-30T16:49:30Z">
          <params>
            <param index="0">
              <value>
                <![CDATA[Roytest4@abc6.com]]>
              </value>
            </param>
            <param index="1">
              <value>
                <![CDATA[Testweathertech123]]>
              </value>
            </param>
          </params>
          <reporter-output>
          </reporter-output>
        </test-method> <!-- loginP -->
        <test-method status="PASS" signature="tearDown(org.testng.ITestResult)[pri:0, instance:com.weathertech.loginpagetests.loginparameters@5abca1e0]" name="tearDown" is-config="true" duration-ms="2577" started-at="2020-06-30T16:49:30Z" finished-at="2020-06-30T16:49:33Z">
          <params>
            <param index="0">
              <value>
                <![CDATA[[TestResult name=loginP status=SUCCESS method=loginparameters.loginP(java.lang.String, java.lang.String)[pri:0, instance:com.weathertech.loginpagetests.loginparameters@5abca1e0] output={null}]]]>
              </value>
            </param>
          </params>
          <reporter-output>
          </reporter-output>
        </test-method> <!-- tearDown -->
        <test-method status="PASS" signature="endReport()[pri:0, instance:com.weathertech.loginpagetests.loginparameters@5abca1e0]" name="endReport" is-config="true" duration-ms="87" started-at="2020-06-30T16:49:33Z" finished-at="2020-06-30T16:49:33Z">
          <reporter-output>
          </reporter-output>
        </test-method> <!-- endReport -->
      </class> <!-- com.weathertech.loginpagetests.loginparameters -->
    </test> <!-- LoginTest4-FF -->
  </suite> <!-- loginparameterssuite -->
</testng-results>
