<?xml version="1.0" encoding="UTF-8"?>
<!-- Generated by org.testng.reporters.JUnitXMLReporter -->
<testsuite hostname="DESKTOP-9IQBETH" ignored="1" name="Registration-CH" tests="7" failures="0" timestamp="29 Jun 2020 18:00:32 GMT" time="88.957" errors="0">
  <testcase name="regTest002" time="6.861" classname="com.weathertech.registration.registrations"/>
  <testcase name="regTest003" time="6.85" classname="com.weathertech.registration.registrations"/>
  <testcase name="regTest004" time="6.346" classname="com.weathertech.registration.registrations"/>
  <testcase name="regTest005" time="6.32" classname="com.weathertech.registration.registrations"/>
  <testcase name="regTest006" time="6.397" classname="com.weathertech.registration.registrations"/>
  <testcase name="regTest007" time="7.149" classname="com.weathertech.registration.registrations"/>
  <testcase name="regTest008" time="6.582" classname="com.weathertech.registration.registrations"/>
  <testcase name="regTest001" time="0.0" classname="com.weathertech.registration.registrations">
    <ignored/>
  </testcase> <!-- regTest001 -->
</testsuite> <!-- Registration-CH -->
