<?xml version="1.0" encoding="UTF-8"?>
<!-- Generated by org.testng.reporters.JUnitXMLReporter -->
<testsuite hostname="DESKTOP-9IQBETH" ignored="0" name="ALL TESTS" tests="11" failures="0" timestamp="28 Jun 2020 22:23:39 GMT" time="137.149" errors="0">
  <testcase name="loginTest001" time="8.557" classname="com.weathertech.alltests.ALLTESTS"/>
  <testcase name="loginTest002" time="7.354" classname="com.weathertech.alltests.ALLTESTS"/>
  <testcase name="loginTest003" time="6.051" classname="com.weathertech.alltests.ALLTESTS"/>
  <testcase name="loginTest004" time="5.488" classname="com.weathertech.alltests.ALLTESTS"/>
  <testcase name="loginTest005" time="5.835" classname="com.weathertech.alltests.ALLTESTS"/>
  <testcase name="socMedLinksTest001" time="3.735" classname="com.weathertech.alltests.ALLTESTS"/>
  <testcase name="socMedLinksTest002" time="4.792" classname="com.weathertech.alltests.ALLTESTS"/>
  <testcase name="socMedLinksTest003" time="6.712" classname="com.weathertech.alltests.ALLTESTS"/>
  <testcase name="socMedLinksTest004" time="6.091" classname="com.weathertech.alltests.ALLTESTS"/>
  <testcase name="socMedLinksTest005" time="5.653" classname="com.weathertech.alltests.ALLTESTS"/>
  <testcase name="socMedLinksTest006" time="4.875" classname="com.weathertech.alltests.ALLTESTS"/>
</testsuite> <!-- ALL TESTS -->
